{
  "stats": {
    "suites": 1,
    "tests": 3,
    "passes": 2,
    "pending": 0,
    "failures": 1,
    "start": "2022-02-17T09:19:32.932Z",
    "end": "2022-02-17T09:19:33.364Z",
    "duration": 432,
    "testsRegistered": 3,
    "passPercent": 66.66666666666666,
    "pendingPercent": 0,
    "other": 0,
    "hasOther": false,
    "skipped": 0,
    "hasSkipped": false
  },
  "results": [
    {
      "uuid": "0ad2a2c0-a7a4-4899-b8c4-56410a81e4de",
      "title": "",
      "fullFile": "cypress/integration/test2.js",
      "file": "cypress/integration/test2.js",
      "beforeHooks": [],
      "afterHooks": [],
      "tests": [],
      "suites": [
        {
          "uuid": "ae9a3273-784e-4f70-a1d8-0d64043e0b40",
          "title": "testing_reports",
          "fullFile": "",
          "file": "",
          "beforeHooks": [],
          "afterHooks": [],
          "tests": [
            {
              "title": "test-1",
              "fullTitle": "testing_reports test-1",
              "timedOut": null,
              "duration": 35,
              "state": "passed",
              "speed": "fast",
              "pass": true,
              "fail": false,
              "pending": false,
              "context": null,
              "code": "console.log(\"testing-1\");",
              "err": {},
              "uuid": "d02db7cd-1460-4429-8aab-99cf6d2a0b20",
              "parentUUID": "ae9a3273-784e-4f70-a1d8-0d64043e0b40",
              "isHook": false,
              "skipped": false
            },
            {
              "title": "test-2",
              "fullTitle": "testing_reports test-2",
              "timedOut": null,
              "duration": 271,
              "state": "failed",
              "speed": null,
              "pass": false,
              "fail": true,
              "pending": false,
              "context": "{\n  \"title\": \"cypress-mochawesome-reporter-screenshots\",\n  \"value\": [\n    [\n      {\n        \"title\": \"Failed screenshot\",\n        \"value\": \"\\\\test2.js\\\\testing_reports -- test-2 (failed).png\"\n      }\n    ]\n  ]\n}",
              "code": "console.log(\"testing-2\");\ncy.visit(url1alks / sad / fa / s);",
              "err": {
                "message": "ReferenceError: url1alks is not defined",
                "estack": "ReferenceError: url1alks is not defined\n    at Context.eval (http://localhost:62903/__cypress/tests?p=cypress\\integration\\test2.js:119:14)",
                "diff": null
              },
              "uuid": "342d7502-c5df-41cb-9bc6-9bb6612b0f22",
              "parentUUID": "ae9a3273-784e-4f70-a1d8-0d64043e0b40",
              "isHook": false,
              "skipped": false
            },
            {
              "title": "test-2",
              "fullTitle": "testing_reports test-2",
              "timedOut": null,
              "duration": 14,
              "state": "passed",
              "speed": "fast",
              "pass": true,
              "fail": false,
              "pending": false,
              "context": null,
              "code": "console.log(\"testing-3\");",
              "err": {},
              "uuid": "4e383e5c-6431-4178-9f1b-ca058abbb24f",
              "parentUUID": "ae9a3273-784e-4f70-a1d8-0d64043e0b40",
              "isHook": false,
              "skipped": false
            }
          ],
          "suites": [],
          "passes": [
            "d02db7cd-1460-4429-8aab-99cf6d2a0b20",
            "4e383e5c-6431-4178-9f1b-ca058abbb24f"
          ],
          "failures": [
            "342d7502-c5df-41cb-9bc6-9bb6612b0f22"
          ],
          "pending": [],
          "skipped": [],
          "duration": 320,
          "root": false,
          "rootEmpty": false,
          "_timeout": 2000
        }
      ],
      "passes": [],
      "failures": [],
      "pending": [],
      "skipped": [],
      "duration": 0,
      "root": true,
      "rootEmpty": true,
      "_timeout": 2000
    }
  ],
  "meta": {
    "mocha": {
      "version": "7.0.1"
    },
    "mochawesome": {
      "options": {
        "quiet": false,
        "reportFilename": "mochawesome",
        "saveHtml": false,
        "saveJson": true,
        "consoleReporter": "spec",
        "useInlineDiffs": false,
        "code": true
      },
      "version": "7.0.1"
    },
    "marge": {
      "options": {
        "overwrite": false,
        "html": false,
        "json": true
      },
      "version": "6.0.1"
    }
  }
}