{
  "stats": {
    "suites": 1,
    "tests": 40,
    "passes": 40,
    "pending": 0,
    "failures": 0,
    "start": "2022-03-01T08:14:31.519Z",
    "end": "2022-03-01T08:28:17.350Z",
    "duration": 825831,
    "testsRegistered": 40,
    "passPercent": 100,
    "pendingPercent": 0,
    "other": 0,
    "hasOther": false,
    "skipped": 0,
    "hasSkipped": false
  },
  "results": [
    {
      "uuid": "5ae11d37-dc07-44c6-b157-fdcadb3fe2c0",
      "title": "",
      "fullFile": "cypress/integration/GCSS-Test-Folder/South_KP_Reports.js",
      "file": "cypress/integration/GCSS-Test-Folder/South_KP_Reports.js",
      "beforeHooks": [],
      "afterHooks": [],
      "tests": [],
      "suites": [
        {
          "uuid": "3a8e56dd-d27b-4f40-9280-bdb2d25c5607",
          "title": "South KP Automation",
          "fullFile": "",
          "file": "",
          "beforeHooks": [],
          "afterHooks": [],
          "tests": [
            {
              "title": "Testing for Khyber Pakhtunkhwa->BANNU->BANNU->AMANDI :",
              "fullTitle": "South KP Automation Testing for Khyber Pakhtunkhwa->BANNU->BANNU->AMANDI :",
              "timedOut": null,
              "duration": 22086,
              "state": "passed",
              "speed": "slow",
              "pass": true,
              "fail": false,
              "pending": false,
              "context": "{\n  \"title\": \"cypress-mochawesome-reporter-screenshots\",\n  \"value\": [\n    [\n      {\n        \"title\": \"Screenshot\",\n        \"value\": \"\\\\GCSS-Test-Folder\\\\South_KP_Reports.js\\\\Khyber Pakhtunkhwa\\\\BANNU\\\\BANNU\\\\AMANDI.png\"\n      }\n    ]\n  ]\n}",
              "code": "// const newData = await cy.readFile(\"D:/polio vaccination center/Data.csv\");\n// const jdata = csvToJson(newData);\ncy.visit(`https://gcss.eoc.gov.pk/campaigns?province=${province_id}&district=${district_id}&tehsil=${tehsil_id}&uc=${uc_id}&renderMap=1`);\ncy.wait(10000);\ncy.screenshot(`${province_name}/${district_name}/${tehsil_name}/${uc_name}`, {\n  capture: \"fullPage\"\n});\ncy.wait(2000);",
              "err": {},
              "uuid": "dcc6a30b-a393-4fd9-a8ef-25b3868f7023",
              "parentUUID": "3a8e56dd-d27b-4f40-9280-bdb2d25c5607",
              "isHook": false,
              "skipped": false
            },
            {
              "title": "Testing for Khyber Pakhtunkhwa->BANNU->BANNU->DIRMA KHEL :",
              "fullTitle": "South KP Automation Testing for Khyber Pakhtunkhwa->BANNU->BANNU->DIRMA KHEL :",
              "timedOut": null,
              "duration": 20527,
              "state": "passed",
              "speed": "slow",
              "pass": true,
              "fail": false,
              "pending": false,
              "context": "{\n  \"title\": \"cypress-mochawesome-reporter-screenshots\",\n  \"value\": [\n    [\n      {\n        \"title\": \"Screenshot\",\n        \"value\": \"\\\\GCSS-Test-Folder\\\\South_KP_Reports.js\\\\Khyber Pakhtunkhwa\\\\BANNU\\\\BANNU\\\\DIRMA KHEL.png\"\n      }\n    ]\n  ]\n}",
              "code": "// const newData = await cy.readFile(\"D:/polio vaccination center/Data.csv\");\n// const jdata = csvToJson(newData);\ncy.visit(`https://gcss.eoc.gov.pk/campaigns?province=${province_id}&district=${district_id}&tehsil=${tehsil_id}&uc=${uc_id}&renderMap=1`);\ncy.wait(10000);\ncy.screenshot(`${province_name}/${district_name}/${tehsil_name}/${uc_name}`, {\n  capture: \"fullPage\"\n});\ncy.wait(2000);",
              "err": {},
              "uuid": "a01ce07a-15c5-420f-b28b-97ea677cc37b",
              "parentUUID": "3a8e56dd-d27b-4f40-9280-bdb2d25c5607",
              "isHook": false,
              "skipped": false
            },
            {
              "title": "Testing for Khyber Pakhtunkhwa->BANNU->BANNU->FATIMA KHEL :",
              "fullTitle": "South KP Automation Testing for Khyber Pakhtunkhwa->BANNU->BANNU->FATIMA KHEL :",
              "timedOut": null,
              "duration": 23264,
              "state": "passed",
              "speed": "slow",
              "pass": true,
              "fail": false,
              "pending": false,
              "context": "{\n  \"title\": \"cypress-mochawesome-reporter-screenshots\",\n  \"value\": [\n    [\n      {\n        \"title\": \"Screenshot\",\n        \"value\": \"\\\\GCSS-Test-Folder\\\\South_KP_Reports.js\\\\Khyber Pakhtunkhwa\\\\BANNU\\\\BANNU\\\\FATIMA KHEL.png\"\n      }\n    ]\n  ]\n}",
              "code": "// const newData = await cy.readFile(\"D:/polio vaccination center/Data.csv\");\n// const jdata = csvToJson(newData);\ncy.visit(`https://gcss.eoc.gov.pk/campaigns?province=${province_id}&district=${district_id}&tehsil=${tehsil_id}&uc=${uc_id}&renderMap=1`);\ncy.wait(10000);\ncy.screenshot(`${province_name}/${district_name}/${tehsil_name}/${uc_name}`, {\n  capture: \"fullPage\"\n});\ncy.wait(2000);",
              "err": {},
              "uuid": "69e90f1c-62d4-4f13-90c7-c1a5d998ef6f",
              "parentUUID": "3a8e56dd-d27b-4f40-9280-bdb2d25c5607",
              "isHook": false,
              "skipped": false
            },
            {
              "title": "Testing for Khyber Pakhtunkhwa->BANNU->BANNU->GHARI SHER AHMAD :",
              "fullTitle": "South KP Automation Testing for Khyber Pakhtunkhwa->BANNU->BANNU->GHARI SHER AHMAD :",
              "timedOut": null,
              "duration": 19900,
              "state": "passed",
              "speed": "slow",
              "pass": true,
              "fail": false,
              "pending": false,
              "context": "{\n  \"title\": \"cypress-mochawesome-reporter-screenshots\",\n  \"value\": [\n    [\n      {\n        \"title\": \"Screenshot\",\n        \"value\": \"\\\\GCSS-Test-Folder\\\\South_KP_Reports.js\\\\Khyber Pakhtunkhwa\\\\BANNU\\\\BANNU\\\\GHARI SHER AHMAD.png\"\n      }\n    ]\n  ]\n}",
              "code": "// const newData = await cy.readFile(\"D:/polio vaccination center/Data.csv\");\n// const jdata = csvToJson(newData);\ncy.visit(`https://gcss.eoc.gov.pk/campaigns?province=${province_id}&district=${district_id}&tehsil=${tehsil_id}&uc=${uc_id}&renderMap=1`);\ncy.wait(10000);\ncy.screenshot(`${province_name}/${district_name}/${tehsil_name}/${uc_name}`, {\n  capture: \"fullPage\"\n});\ncy.wait(2000);",
              "err": {},
              "uuid": "6bb27805-b864-427f-9331-eab3dfa0e59c",
              "parentUUID": "3a8e56dd-d27b-4f40-9280-bdb2d25c5607",
              "isHook": false,
              "skipped": false
            },
            {
              "title": "Testing for Khyber Pakhtunkhwa->BANNU->BANNU->HINJAL :",
              "fullTitle": "South KP Automation Testing for Khyber Pakhtunkhwa->BANNU->BANNU->HINJAL :",
              "timedOut": null,
              "duration": 20540,
              "state": "passed",
              "speed": "slow",
              "pass": true,
              "fail": false,
              "pending": false,
              "context": "{\n  \"title\": \"cypress-mochawesome-reporter-screenshots\",\n  \"value\": [\n    [\n      {\n        \"title\": \"Screenshot\",\n        \"value\": \"\\\\GCSS-Test-Folder\\\\South_KP_Reports.js\\\\Khyber Pakhtunkhwa\\\\BANNU\\\\BANNU\\\\HINJAL.png\"\n      }\n    ]\n  ]\n}",
              "code": "// const newData = await cy.readFile(\"D:/polio vaccination center/Data.csv\");\n// const jdata = csvToJson(newData);\ncy.visit(`https://gcss.eoc.gov.pk/campaigns?province=${province_id}&district=${district_id}&tehsil=${tehsil_id}&uc=${uc_id}&renderMap=1`);\ncy.wait(10000);\ncy.screenshot(`${province_name}/${district_name}/${tehsil_name}/${uc_name}`, {\n  capture: \"fullPage\"\n});\ncy.wait(2000);",
              "err": {},
              "uuid": "afb2cd42-abf5-4644-a511-083d6c878768",
              "parentUUID": "3a8e56dd-d27b-4f40-9280-bdb2d25c5607",
              "isHook": false,
              "skipped": false
            },
            {
              "title": "Testing for Khyber Pakhtunkhwa->BANNU->BANNU->KHWAJA MAD :",
              "fullTitle": "South KP Automation Testing for Khyber Pakhtunkhwa->BANNU->BANNU->KHWAJA MAD :",
              "timedOut": null,
              "duration": 20272,
              "state": "passed",
              "speed": "slow",
              "pass": true,
              "fail": false,
              "pending": false,
              "context": "{\n  \"title\": \"cypress-mochawesome-reporter-screenshots\",\n  \"value\": [\n    [\n      {\n        \"title\": \"Screenshot\",\n        \"value\": \"\\\\GCSS-Test-Folder\\\\South_KP_Reports.js\\\\Khyber Pakhtunkhwa\\\\BANNU\\\\BANNU\\\\KHWAJA MAD.png\"\n      }\n    ]\n  ]\n}",
              "code": "// const newData = await cy.readFile(\"D:/polio vaccination center/Data.csv\");\n// const jdata = csvToJson(newData);\ncy.visit(`https://gcss.eoc.gov.pk/campaigns?province=${province_id}&district=${district_id}&tehsil=${tehsil_id}&uc=${uc_id}&renderMap=1`);\ncy.wait(10000);\ncy.screenshot(`${province_name}/${district_name}/${tehsil_name}/${uc_name}`, {\n  capture: \"fullPage\"\n});\ncy.wait(2000);",
              "err": {},
              "uuid": "f1e9f5fc-bb26-426e-b2a9-ea84a72763ce",
              "parentUUID": "3a8e56dd-d27b-4f40-9280-bdb2d25c5607",
              "isHook": false,
              "skipped": false
            },
            {
              "title": "Testing for Khyber Pakhtunkhwa->BANNU->BANNU->MAMASH KHEL :",
              "fullTitle": "South KP Automation Testing for Khyber Pakhtunkhwa->BANNU->BANNU->MAMASH KHEL :",
              "timedOut": null,
              "duration": 20459,
              "state": "passed",
              "speed": "slow",
              "pass": true,
              "fail": false,
              "pending": false,
              "context": "{\n  \"title\": \"cypress-mochawesome-reporter-screenshots\",\n  \"value\": [\n    [\n      {\n        \"title\": \"Screenshot\",\n        \"value\": \"\\\\GCSS-Test-Folder\\\\South_KP_Reports.js\\\\Khyber Pakhtunkhwa\\\\BANNU\\\\BANNU\\\\MAMASH KHEL.png\"\n      }\n    ]\n  ]\n}",
              "code": "// const newData = await cy.readFile(\"D:/polio vaccination center/Data.csv\");\n// const jdata = csvToJson(newData);\ncy.visit(`https://gcss.eoc.gov.pk/campaigns?province=${province_id}&district=${district_id}&tehsil=${tehsil_id}&uc=${uc_id}&renderMap=1`);\ncy.wait(10000);\ncy.screenshot(`${province_name}/${district_name}/${tehsil_name}/${uc_name}`, {\n  capture: \"fullPage\"\n});\ncy.wait(2000);",
              "err": {},
              "uuid": "3242725c-d9c1-440c-a717-609a0f336db0",
              "parentUUID": "3a8e56dd-d27b-4f40-9280-bdb2d25c5607",
              "isHook": false,
              "skipped": false
            },
            {
              "title": "Testing for Khyber Pakhtunkhwa->BANNU->BANNU->SUKARI :",
              "fullTitle": "South KP Automation Testing for Khyber Pakhtunkhwa->BANNU->BANNU->SUKARI :",
              "timedOut": null,
              "duration": 20500,
              "state": "passed",
              "speed": "slow",
              "pass": true,
              "fail": false,
              "pending": false,
              "context": "{\n  \"title\": \"cypress-mochawesome-reporter-screenshots\",\n  \"value\": [\n    [\n      {\n        \"title\": \"Screenshot\",\n        \"value\": \"\\\\GCSS-Test-Folder\\\\South_KP_Reports.js\\\\Khyber Pakhtunkhwa\\\\BANNU\\\\BANNU\\\\SUKARI.png\"\n      }\n    ]\n  ]\n}",
              "code": "// const newData = await cy.readFile(\"D:/polio vaccination center/Data.csv\");\n// const jdata = csvToJson(newData);\ncy.visit(`https://gcss.eoc.gov.pk/campaigns?province=${province_id}&district=${district_id}&tehsil=${tehsil_id}&uc=${uc_id}&renderMap=1`);\ncy.wait(10000);\ncy.screenshot(`${province_name}/${district_name}/${tehsil_name}/${uc_name}`, {\n  capture: \"fullPage\"\n});\ncy.wait(2000);",
              "err": {},
              "uuid": "e5c09fe9-1004-4bb8-a4ab-8da3a24d0c56",
              "parentUUID": "3a8e56dd-d27b-4f40-9280-bdb2d25c5607",
              "isHook": false,
              "skipped": false
            },
            {
              "title": "Testing for Khyber Pakhtunkhwa->BANNU->BANNU->CITY 1 :",
              "fullTitle": "South KP Automation Testing for Khyber Pakhtunkhwa->BANNU->BANNU->CITY 1 :",
              "timedOut": null,
              "duration": 21026,
              "state": "passed",
              "speed": "slow",
              "pass": true,
              "fail": false,
              "pending": false,
              "context": "{\n  \"title\": \"cypress-mochawesome-reporter-screenshots\",\n  \"value\": [\n    [\n      {\n        \"title\": \"Screenshot\",\n        \"value\": \"\\\\GCSS-Test-Folder\\\\South_KP_Reports.js\\\\Khyber Pakhtunkhwa\\\\BANNU\\\\BANNU\\\\CITY 1.png\"\n      }\n    ]\n  ]\n}",
              "code": "// const newData = await cy.readFile(\"D:/polio vaccination center/Data.csv\");\n// const jdata = csvToJson(newData);\ncy.visit(`https://gcss.eoc.gov.pk/campaigns?province=${province_id}&district=${district_id}&tehsil=${tehsil_id}&uc=${uc_id}&renderMap=1`);\ncy.wait(10000);\ncy.screenshot(`${province_name}/${district_name}/${tehsil_name}/${uc_name}`, {\n  capture: \"fullPage\"\n});\ncy.wait(2000);",
              "err": {},
              "uuid": "77eb50b2-6920-4713-acc0-c18f904d1da0",
              "parentUUID": "3a8e56dd-d27b-4f40-9280-bdb2d25c5607",
              "isHook": false,
              "skipped": false
            },
            {
              "title": "Testing for Khyber Pakhtunkhwa->BANNU->BANNU->BANNUCITY2 :",
              "fullTitle": "South KP Automation Testing for Khyber Pakhtunkhwa->BANNU->BANNU->BANNUCITY2 :",
              "timedOut": null,
              "duration": 20420,
              "state": "passed",
              "speed": "slow",
              "pass": true,
              "fail": false,
              "pending": false,
              "context": "{\n  \"title\": \"cypress-mochawesome-reporter-screenshots\",\n  \"value\": [\n    [\n      {\n        \"title\": \"Screenshot\",\n        \"value\": \"\\\\GCSS-Test-Folder\\\\South_KP_Reports.js\\\\Khyber Pakhtunkhwa\\\\BANNU\\\\BANNU\\\\BANNUCITY2.png\"\n      }\n    ]\n  ]\n}",
              "code": "// const newData = await cy.readFile(\"D:/polio vaccination center/Data.csv\");\n// const jdata = csvToJson(newData);\ncy.visit(`https://gcss.eoc.gov.pk/campaigns?province=${province_id}&district=${district_id}&tehsil=${tehsil_id}&uc=${uc_id}&renderMap=1`);\ncy.wait(10000);\ncy.screenshot(`${province_name}/${district_name}/${tehsil_name}/${uc_name}`, {\n  capture: \"fullPage\"\n});\ncy.wait(2000);",
              "err": {},
              "uuid": "a72396df-c5ee-40ca-b109-ed4f8aed18e8",
              "parentUUID": "3a8e56dd-d27b-4f40-9280-bdb2d25c5607",
              "isHook": false,
              "skipped": false
            },
            {
              "title": "Testing for Khyber Pakhtunkhwa->DIKHAN->DERA ISMAIL KHAN->DERA CITY-IV :",
              "fullTitle": "South KP Automation Testing for Khyber Pakhtunkhwa->DIKHAN->DERA ISMAIL KHAN->DERA CITY-IV :",
              "timedOut": null,
              "duration": 20214,
              "state": "passed",
              "speed": "slow",
              "pass": true,
              "fail": false,
              "pending": false,
              "context": "{\n  \"title\": \"cypress-mochawesome-reporter-screenshots\",\n  \"value\": [\n    [\n      {\n        \"title\": \"Screenshot\",\n        \"value\": \"\\\\GCSS-Test-Folder\\\\South_KP_Reports.js\\\\Khyber Pakhtunkhwa\\\\DIKHAN\\\\DERA ISMAIL KHAN\\\\DERA CITY-IV.png\"\n      }\n    ]\n  ]\n}",
              "code": "// const newData = await cy.readFile(\"D:/polio vaccination center/Data.csv\");\n// const jdata = csvToJson(newData);\ncy.visit(`https://gcss.eoc.gov.pk/campaigns?province=${province_id}&district=${district_id}&tehsil=${tehsil_id}&uc=${uc_id}&renderMap=1`);\ncy.wait(10000);\ncy.screenshot(`${province_name}/${district_name}/${tehsil_name}/${uc_name}`, {\n  capture: \"fullPage\"\n});\ncy.wait(2000);",
              "err": {},
              "uuid": "f8510715-b7fb-4059-90f6-5c7957ae96e2",
              "parentUUID": "3a8e56dd-d27b-4f40-9280-bdb2d25c5607",
              "isHook": false,
              "skipped": false
            },
            {
              "title": "Testing for Khyber Pakhtunkhwa->DIKHAN->DERA ISMAIL KHAN->DERA CITY-V :",
              "fullTitle": "South KP Automation Testing for Khyber Pakhtunkhwa->DIKHAN->DERA ISMAIL KHAN->DERA CITY-V :",
              "timedOut": null,
              "duration": 19891,
              "state": "passed",
              "speed": "slow",
              "pass": true,
              "fail": false,
              "pending": false,
              "context": "{\n  \"title\": \"cypress-mochawesome-reporter-screenshots\",\n  \"value\": [\n    [\n      {\n        \"title\": \"Screenshot\",\n        \"value\": \"\\\\GCSS-Test-Folder\\\\South_KP_Reports.js\\\\Khyber Pakhtunkhwa\\\\DIKHAN\\\\DERA ISMAIL KHAN\\\\DERA CITY-V.png\"\n      }\n    ]\n  ]\n}",
              "code": "// const newData = await cy.readFile(\"D:/polio vaccination center/Data.csv\");\n// const jdata = csvToJson(newData);\ncy.visit(`https://gcss.eoc.gov.pk/campaigns?province=${province_id}&district=${district_id}&tehsil=${tehsil_id}&uc=${uc_id}&renderMap=1`);\ncy.wait(10000);\ncy.screenshot(`${province_name}/${district_name}/${tehsil_name}/${uc_name}`, {\n  capture: \"fullPage\"\n});\ncy.wait(2000);",
              "err": {},
              "uuid": "ee08539b-1f3b-4d5e-870c-cea6f9c93b77",
              "parentUUID": "3a8e56dd-d27b-4f40-9280-bdb2d25c5607",
              "isHook": false,
              "skipped": false
            },
            {
              "title": "Testing for Khyber Pakhtunkhwa->DIKHAN->DERA ISMAIL KHAN->GILOTI :",
              "fullTitle": "South KP Automation Testing for Khyber Pakhtunkhwa->DIKHAN->DERA ISMAIL KHAN->GILOTI :",
              "timedOut": null,
              "duration": 21590,
              "state": "passed",
              "speed": "slow",
              "pass": true,
              "fail": false,
              "pending": false,
              "context": "{\n  \"title\": \"cypress-mochawesome-reporter-screenshots\",\n  \"value\": [\n    [\n      {\n        \"title\": \"Screenshot\",\n        \"value\": \"\\\\GCSS-Test-Folder\\\\South_KP_Reports.js\\\\Khyber Pakhtunkhwa\\\\DIKHAN\\\\DERA ISMAIL KHAN\\\\GILOTI.png\"\n      }\n    ]\n  ]\n}",
              "code": "// const newData = await cy.readFile(\"D:/polio vaccination center/Data.csv\");\n// const jdata = csvToJson(newData);\ncy.visit(`https://gcss.eoc.gov.pk/campaigns?province=${province_id}&district=${district_id}&tehsil=${tehsil_id}&uc=${uc_id}&renderMap=1`);\ncy.wait(10000);\ncy.screenshot(`${province_name}/${district_name}/${tehsil_name}/${uc_name}`, {\n  capture: \"fullPage\"\n});\ncy.wait(2000);",
              "err": {},
              "uuid": "e614acc5-9721-4b86-ae7f-85b0d274a82d",
              "parentUUID": "3a8e56dd-d27b-4f40-9280-bdb2d25c5607",
              "isHook": false,
              "skipped": false
            },
            {
              "title": "Testing for Khyber Pakhtunkhwa->DIKHAN->DERA ISMAIL KHAN->KEICH :",
              "fullTitle": "South KP Automation Testing for Khyber Pakhtunkhwa->DIKHAN->DERA ISMAIL KHAN->KEICH :",
              "timedOut": null,
              "duration": 20083,
              "state": "passed",
              "speed": "slow",
              "pass": true,
              "fail": false,
              "pending": false,
              "context": "{\n  \"title\": \"cypress-mochawesome-reporter-screenshots\",\n  \"value\": [\n    [\n      {\n        \"title\": \"Screenshot\",\n        \"value\": \"\\\\GCSS-Test-Folder\\\\South_KP_Reports.js\\\\Khyber Pakhtunkhwa\\\\DIKHAN\\\\DERA ISMAIL KHAN\\\\KEICH.png\"\n      }\n    ]\n  ]\n}",
              "code": "// const newData = await cy.readFile(\"D:/polio vaccination center/Data.csv\");\n// const jdata = csvToJson(newData);\ncy.visit(`https://gcss.eoc.gov.pk/campaigns?province=${province_id}&district=${district_id}&tehsil=${tehsil_id}&uc=${uc_id}&renderMap=1`);\ncy.wait(10000);\ncy.screenshot(`${province_name}/${district_name}/${tehsil_name}/${uc_name}`, {\n  capture: \"fullPage\"\n});\ncy.wait(2000);",
              "err": {},
              "uuid": "90099c4a-fa5a-4a86-b214-1b8a2ef4d00d",
              "parentUUID": "3a8e56dd-d27b-4f40-9280-bdb2d25c5607",
              "isHook": false,
              "skipped": false
            },
            {
              "title": "Testing for Khyber Pakhtunkhwa->DIKHAN->DERA ISMAIL KHAN->KOTLA SAIDAN :",
              "fullTitle": "South KP Automation Testing for Khyber Pakhtunkhwa->DIKHAN->DERA ISMAIL KHAN->KOTLA SAIDAN :",
              "timedOut": null,
              "duration": 20508,
              "state": "passed",
              "speed": "slow",
              "pass": true,
              "fail": false,
              "pending": false,
              "context": "{\n  \"title\": \"cypress-mochawesome-reporter-screenshots\",\n  \"value\": [\n    [\n      {\n        \"title\": \"Screenshot\",\n        \"value\": \"\\\\GCSS-Test-Folder\\\\South_KP_Reports.js\\\\Khyber Pakhtunkhwa\\\\DIKHAN\\\\DERA ISMAIL KHAN\\\\KOTLA SAIDAN.png\"\n      }\n    ]\n  ]\n}",
              "code": "// const newData = await cy.readFile(\"D:/polio vaccination center/Data.csv\");\n// const jdata = csvToJson(newData);\ncy.visit(`https://gcss.eoc.gov.pk/campaigns?province=${province_id}&district=${district_id}&tehsil=${tehsil_id}&uc=${uc_id}&renderMap=1`);\ncy.wait(10000);\ncy.screenshot(`${province_name}/${district_name}/${tehsil_name}/${uc_name}`, {\n  capture: \"fullPage\"\n});\ncy.wait(2000);",
              "err": {},
              "uuid": "708b6cc4-22f8-4d47-b48c-814bf3f90f2d",
              "parentUUID": "3a8e56dd-d27b-4f40-9280-bdb2d25c5607",
              "isHook": false,
              "skipped": false
            },
            {
              "title": "Testing for Khyber Pakhtunkhwa->DIKHAN->DERA ISMAIL KHAN->RAKH MANDHRAN :",
              "fullTitle": "South KP Automation Testing for Khyber Pakhtunkhwa->DIKHAN->DERA ISMAIL KHAN->RAKH MANDHRAN :",
              "timedOut": null,
              "duration": 19328,
              "state": "passed",
              "speed": "slow",
              "pass": true,
              "fail": false,
              "pending": false,
              "context": "{\n  \"title\": \"cypress-mochawesome-reporter-screenshots\",\n  \"value\": [\n    [\n      {\n        \"title\": \"Screenshot\",\n        \"value\": \"\\\\GCSS-Test-Folder\\\\South_KP_Reports.js\\\\Khyber Pakhtunkhwa\\\\DIKHAN\\\\DERA ISMAIL KHAN\\\\RAKH MANDHRAN.png\"\n      }\n    ]\n  ]\n}",
              "code": "// const newData = await cy.readFile(\"D:/polio vaccination center/Data.csv\");\n// const jdata = csvToJson(newData);\ncy.visit(`https://gcss.eoc.gov.pk/campaigns?province=${province_id}&district=${district_id}&tehsil=${tehsil_id}&uc=${uc_id}&renderMap=1`);\ncy.wait(10000);\ncy.screenshot(`${province_name}/${district_name}/${tehsil_name}/${uc_name}`, {\n  capture: \"fullPage\"\n});\ncy.wait(2000);",
              "err": {},
              "uuid": "15586fec-8d3c-4d10-81e0-fe254adc93fd",
              "parentUUID": "3a8e56dd-d27b-4f40-9280-bdb2d25c5607",
              "isHook": false,
              "skipped": false
            },
            {
              "title": "Testing for Khyber Pakhtunkhwa->DIKHAN->DERA ISMAIL KHAN->MURYALI :",
              "fullTitle": "South KP Automation Testing for Khyber Pakhtunkhwa->DIKHAN->DERA ISMAIL KHAN->MURYALI :",
              "timedOut": null,
              "duration": 20604,
              "state": "passed",
              "speed": "slow",
              "pass": true,
              "fail": false,
              "pending": false,
              "context": "{\n  \"title\": \"cypress-mochawesome-reporter-screenshots\",\n  \"value\": [\n    [\n      {\n        \"title\": \"Screenshot\",\n        \"value\": \"\\\\GCSS-Test-Folder\\\\South_KP_Reports.js\\\\Khyber Pakhtunkhwa\\\\DIKHAN\\\\DERA ISMAIL KHAN\\\\MURYALI.png\"\n      }\n    ]\n  ]\n}",
              "code": "// const newData = await cy.readFile(\"D:/polio vaccination center/Data.csv\");\n// const jdata = csvToJson(newData);\ncy.visit(`https://gcss.eoc.gov.pk/campaigns?province=${province_id}&district=${district_id}&tehsil=${tehsil_id}&uc=${uc_id}&renderMap=1`);\ncy.wait(10000);\ncy.screenshot(`${province_name}/${district_name}/${tehsil_name}/${uc_name}`, {\n  capture: \"fullPage\"\n});\ncy.wait(2000);",
              "err": {},
              "uuid": "77133f86-265c-409e-9d09-194682f5428a",
              "parentUUID": "3a8e56dd-d27b-4f40-9280-bdb2d25c5607",
              "isHook": false,
              "skipped": false
            },
            {
              "title": "Testing for Khyber Pakhtunkhwa->DIKHAN->KULACHI->HATHALA :",
              "fullTitle": "South KP Automation Testing for Khyber Pakhtunkhwa->DIKHAN->KULACHI->HATHALA :",
              "timedOut": null,
              "duration": 21070,
              "state": "passed",
              "speed": "slow",
              "pass": true,
              "fail": false,
              "pending": false,
              "context": "{\n  \"title\": \"cypress-mochawesome-reporter-screenshots\",\n  \"value\": [\n    [\n      {\n        \"title\": \"Screenshot\",\n        \"value\": \"\\\\GCSS-Test-Folder\\\\South_KP_Reports.js\\\\Khyber Pakhtunkhwa\\\\DIKHAN\\\\KULACHI\\\\HATHALA.png\"\n      }\n    ]\n  ]\n}",
              "code": "// const newData = await cy.readFile(\"D:/polio vaccination center/Data.csv\");\n// const jdata = csvToJson(newData);\ncy.visit(`https://gcss.eoc.gov.pk/campaigns?province=${province_id}&district=${district_id}&tehsil=${tehsil_id}&uc=${uc_id}&renderMap=1`);\ncy.wait(10000);\ncy.screenshot(`${province_name}/${district_name}/${tehsil_name}/${uc_name}`, {\n  capture: \"fullPage\"\n});\ncy.wait(2000);",
              "err": {},
              "uuid": "8c2524fa-458b-4083-9028-b27ed9f5386e",
              "parentUUID": "3a8e56dd-d27b-4f40-9280-bdb2d25c5607",
              "isHook": false,
              "skipped": false
            },
            {
              "title": "Testing for Khyber Pakhtunkhwa->DIKHAN->PAROA->MALANA :",
              "fullTitle": "South KP Automation Testing for Khyber Pakhtunkhwa->DIKHAN->PAROA->MALANA :",
              "timedOut": null,
              "duration": 19319,
              "state": "passed",
              "speed": "slow",
              "pass": true,
              "fail": false,
              "pending": false,
              "context": "{\n  \"title\": \"cypress-mochawesome-reporter-screenshots\",\n  \"value\": [\n    [\n      {\n        \"title\": \"Screenshot\",\n        \"value\": \"\\\\GCSS-Test-Folder\\\\South_KP_Reports.js\\\\Khyber Pakhtunkhwa\\\\DIKHAN\\\\PAROA\\\\MALANA.png\"\n      }\n    ]\n  ]\n}",
              "code": "// const newData = await cy.readFile(\"D:/polio vaccination center/Data.csv\");\n// const jdata = csvToJson(newData);\ncy.visit(`https://gcss.eoc.gov.pk/campaigns?province=${province_id}&district=${district_id}&tehsil=${tehsil_id}&uc=${uc_id}&renderMap=1`);\ncy.wait(10000);\ncy.screenshot(`${province_name}/${district_name}/${tehsil_name}/${uc_name}`, {\n  capture: \"fullPage\"\n});\ncy.wait(2000);",
              "err": {},
              "uuid": "95aa89a9-5c6f-4b53-8f6e-8931113bb7c1",
              "parentUUID": "3a8e56dd-d27b-4f40-9280-bdb2d25c5607",
              "isHook": false,
              "skipped": false
            },
            {
              "title": "Testing for Khyber Pakhtunkhwa->DIKHAN->DARAZINDA->KOHI BAHARA :",
              "fullTitle": "South KP Automation Testing for Khyber Pakhtunkhwa->DIKHAN->DARAZINDA->KOHI BAHARA :",
              "timedOut": null,
              "duration": 20200,
              "state": "passed",
              "speed": "slow",
              "pass": true,
              "fail": false,
              "pending": false,
              "context": "{\n  \"title\": \"cypress-mochawesome-reporter-screenshots\",\n  \"value\": [\n    [\n      {\n        \"title\": \"Screenshot\",\n        \"value\": \"\\\\GCSS-Test-Folder\\\\South_KP_Reports.js\\\\Khyber Pakhtunkhwa\\\\DIKHAN\\\\DARAZINDA\\\\KOHI BAHARA.png\"\n      }\n    ]\n  ]\n}",
              "code": "// const newData = await cy.readFile(\"D:/polio vaccination center/Data.csv\");\n// const jdata = csvToJson(newData);\ncy.visit(`https://gcss.eoc.gov.pk/campaigns?province=${province_id}&district=${district_id}&tehsil=${tehsil_id}&uc=${uc_id}&renderMap=1`);\ncy.wait(10000);\ncy.screenshot(`${province_name}/${district_name}/${tehsil_name}/${uc_name}`, {\n  capture: \"fullPage\"\n});\ncy.wait(2000);",
              "err": {},
              "uuid": "2a40fd55-21d6-46f8-b40f-729eb85f0d38",
              "parentUUID": "3a8e56dd-d27b-4f40-9280-bdb2d25c5607",
              "isHook": false,
              "skipped": false
            },
            {
              "title": "Testing for Khyber Pakhtunkhwa->LAKKIMRWT->LAKKI MARWAT->CITY 2 :",
              "fullTitle": "South KP Automation Testing for Khyber Pakhtunkhwa->LAKKIMRWT->LAKKI MARWAT->CITY 2 :",
              "timedOut": null,
              "duration": 20131,
              "state": "passed",
              "speed": "slow",
              "pass": true,
              "fail": false,
              "pending": false,
              "context": "{\n  \"title\": \"cypress-mochawesome-reporter-screenshots\",\n  \"value\": [\n    [\n      {\n        \"title\": \"Screenshot\",\n        \"value\": \"\\\\GCSS-Test-Folder\\\\South_KP_Reports.js\\\\Khyber Pakhtunkhwa\\\\LAKKIMRWT\\\\LAKKI MARWAT\\\\CITY 2.png\"\n      }\n    ]\n  ]\n}",
              "code": "// const newData = await cy.readFile(\"D:/polio vaccination center/Data.csv\");\n// const jdata = csvToJson(newData);\ncy.visit(`https://gcss.eoc.gov.pk/campaigns?province=${province_id}&district=${district_id}&tehsil=${tehsil_id}&uc=${uc_id}&renderMap=1`);\ncy.wait(10000);\ncy.screenshot(`${province_name}/${district_name}/${tehsil_name}/${uc_name}`, {\n  capture: \"fullPage\"\n});\ncy.wait(2000);",
              "err": {},
              "uuid": "c9753e28-458f-4534-be0a-77005c83f053",
              "parentUUID": "3a8e56dd-d27b-4f40-9280-bdb2d25c5607",
              "isHook": false,
              "skipped": false
            },
            {
              "title": "Testing for Khyber Pakhtunkhwa->LAKKIMRWT->LAKKI MARWAT->AHMADKHEL :",
              "fullTitle": "South KP Automation Testing for Khyber Pakhtunkhwa->LAKKIMRWT->LAKKI MARWAT->AHMADKHEL :",
              "timedOut": null,
              "duration": 19836,
              "state": "passed",
              "speed": "slow",
              "pass": true,
              "fail": false,
              "pending": false,
              "context": "{\n  \"title\": \"cypress-mochawesome-reporter-screenshots\",\n  \"value\": [\n    [\n      {\n        \"title\": \"Screenshot\",\n        \"value\": \"\\\\GCSS-Test-Folder\\\\South_KP_Reports.js\\\\Khyber Pakhtunkhwa\\\\LAKKIMRWT\\\\LAKKI MARWAT\\\\AHMADKHEL.png\"\n      }\n    ]\n  ]\n}",
              "code": "// const newData = await cy.readFile(\"D:/polio vaccination center/Data.csv\");\n// const jdata = csvToJson(newData);\ncy.visit(`https://gcss.eoc.gov.pk/campaigns?province=${province_id}&district=${district_id}&tehsil=${tehsil_id}&uc=${uc_id}&renderMap=1`);\ncy.wait(10000);\ncy.screenshot(`${province_name}/${district_name}/${tehsil_name}/${uc_name}`, {\n  capture: \"fullPage\"\n});\ncy.wait(2000);",
              "err": {},
              "uuid": "bbc7a21c-6756-43e5-96e5-14e4ff82aa38",
              "parentUUID": "3a8e56dd-d27b-4f40-9280-bdb2d25c5607",
              "isHook": false,
              "skipped": false
            },
            {
              "title": "Testing for Khyber Pakhtunkhwa->LAKKIMRWT->LAKKI MARWAT->TAJAZAI :",
              "fullTitle": "South KP Automation Testing for Khyber Pakhtunkhwa->LAKKIMRWT->LAKKI MARWAT->TAJAZAI :",
              "timedOut": null,
              "duration": 21848,
              "state": "passed",
              "speed": "slow",
              "pass": true,
              "fail": false,
              "pending": false,
              "context": "{\n  \"title\": \"cypress-mochawesome-reporter-screenshots\",\n  \"value\": [\n    [\n      {\n        \"title\": \"Screenshot\",\n        \"value\": \"\\\\GCSS-Test-Folder\\\\South_KP_Reports.js\\\\Khyber Pakhtunkhwa\\\\LAKKIMRWT\\\\LAKKI MARWAT\\\\TAJAZAI.png\"\n      }\n    ]\n  ]\n}",
              "code": "// const newData = await cy.readFile(\"D:/polio vaccination center/Data.csv\");\n// const jdata = csvToJson(newData);\ncy.visit(`https://gcss.eoc.gov.pk/campaigns?province=${province_id}&district=${district_id}&tehsil=${tehsil_id}&uc=${uc_id}&renderMap=1`);\ncy.wait(10000);\ncy.screenshot(`${province_name}/${district_name}/${tehsil_name}/${uc_name}`, {\n  capture: \"fullPage\"\n});\ncy.wait(2000);",
              "err": {},
              "uuid": "7a627d52-1c53-4f71-b148-f24023328243",
              "parentUUID": "3a8e56dd-d27b-4f40-9280-bdb2d25c5607",
              "isHook": false,
              "skipped": false
            },
            {
              "title": "Testing for Khyber Pakhtunkhwa->LAKKIMRWT->LAKKI MARWAT->ISAKKHEL :",
              "fullTitle": "South KP Automation Testing for Khyber Pakhtunkhwa->LAKKIMRWT->LAKKI MARWAT->ISAKKHEL :",
              "timedOut": null,
              "duration": 20408,
              "state": "passed",
              "speed": "slow",
              "pass": true,
              "fail": false,
              "pending": false,
              "context": "{\n  \"title\": \"cypress-mochawesome-reporter-screenshots\",\n  \"value\": [\n    [\n      {\n        \"title\": \"Screenshot\",\n        \"value\": \"\\\\GCSS-Test-Folder\\\\South_KP_Reports.js\\\\Khyber Pakhtunkhwa\\\\LAKKIMRWT\\\\LAKKI MARWAT\\\\ISAKKHEL.png\"\n      }\n    ]\n  ]\n}",
              "code": "// const newData = await cy.readFile(\"D:/polio vaccination center/Data.csv\");\n// const jdata = csvToJson(newData);\ncy.visit(`https://gcss.eoc.gov.pk/campaigns?province=${province_id}&district=${district_id}&tehsil=${tehsil_id}&uc=${uc_id}&renderMap=1`);\ncy.wait(10000);\ncy.screenshot(`${province_name}/${district_name}/${tehsil_name}/${uc_name}`, {\n  capture: \"fullPage\"\n});\ncy.wait(2000);",
              "err": {},
              "uuid": "5791eafd-3a84-4db7-8229-17489c375875",
              "parentUUID": "3a8e56dd-d27b-4f40-9280-bdb2d25c5607",
              "isHook": false,
              "skipped": false
            },
            {
              "title": "Testing for Khyber Pakhtunkhwa->LAKKIMRWT->SERAI NAURANG->MAMAKHEL :",
              "fullTitle": "South KP Automation Testing for Khyber Pakhtunkhwa->LAKKIMRWT->SERAI NAURANG->MAMAKHEL :",
              "timedOut": null,
              "duration": 19902,
              "state": "passed",
              "speed": "slow",
              "pass": true,
              "fail": false,
              "pending": false,
              "context": "{\n  \"title\": \"cypress-mochawesome-reporter-screenshots\",\n  \"value\": [\n    [\n      {\n        \"title\": \"Screenshot\",\n        \"value\": \"\\\\GCSS-Test-Folder\\\\South_KP_Reports.js\\\\Khyber Pakhtunkhwa\\\\LAKKIMRWT\\\\SERAI NAURANG\\\\MAMAKHEL.png\"\n      }\n    ]\n  ]\n}",
              "code": "// const newData = await cy.readFile(\"D:/polio vaccination center/Data.csv\");\n// const jdata = csvToJson(newData);\ncy.visit(`https://gcss.eoc.gov.pk/campaigns?province=${province_id}&district=${district_id}&tehsil=${tehsil_id}&uc=${uc_id}&renderMap=1`);\ncy.wait(10000);\ncy.screenshot(`${province_name}/${district_name}/${tehsil_name}/${uc_name}`, {\n  capture: \"fullPage\"\n});\ncy.wait(2000);",
              "err": {},
              "uuid": "ae16d1a3-82f2-4ef0-afbf-23b4aad6c715",
              "parentUUID": "3a8e56dd-d27b-4f40-9280-bdb2d25c5607",
              "isHook": false,
              "skipped": false
            },
            {
              "title": "Testing for Khyber Pakhtunkhwa->LAKKIMRWT->SERAI NAURANG->SERAI NAURANG :",
              "fullTitle": "South KP Automation Testing for Khyber Pakhtunkhwa->LAKKIMRWT->SERAI NAURANG->SERAI NAURANG :",
              "timedOut": null,
              "duration": 20285,
              "state": "passed",
              "speed": "slow",
              "pass": true,
              "fail": false,
              "pending": false,
              "context": "{\n  \"title\": \"cypress-mochawesome-reporter-screenshots\",\n  \"value\": [\n    [\n      {\n        \"title\": \"Screenshot\",\n        \"value\": \"\\\\GCSS-Test-Folder\\\\South_KP_Reports.js\\\\Khyber Pakhtunkhwa\\\\LAKKIMRWT\\\\SERAI NAURANG\\\\SERAI NAURANG.png\"\n      }\n    ]\n  ]\n}",
              "code": "// const newData = await cy.readFile(\"D:/polio vaccination center/Data.csv\");\n// const jdata = csvToJson(newData);\ncy.visit(`https://gcss.eoc.gov.pk/campaigns?province=${province_id}&district=${district_id}&tehsil=${tehsil_id}&uc=${uc_id}&renderMap=1`);\ncy.wait(10000);\ncy.screenshot(`${province_name}/${district_name}/${tehsil_name}/${uc_name}`, {\n  capture: \"fullPage\"\n});\ncy.wait(2000);",
              "err": {},
              "uuid": "57f5b8ef-269f-445a-8fd3-26042e6f9fa6",
              "parentUUID": "3a8e56dd-d27b-4f40-9280-bdb2d25c5607",
              "isHook": false,
              "skipped": false
            },
            {
              "title": "Testing for Khyber Pakhtunkhwa->LAKKIMRWT->SERAI NAURANG->THAKHTIKHEL :",
              "fullTitle": "South KP Automation Testing for Khyber Pakhtunkhwa->LAKKIMRWT->SERAI NAURANG->THAKHTIKHEL :",
              "timedOut": null,
              "duration": 20110,
              "state": "passed",
              "speed": "slow",
              "pass": true,
              "fail": false,
              "pending": false,
              "context": "{\n  \"title\": \"cypress-mochawesome-reporter-screenshots\",\n  \"value\": [\n    [\n      {\n        \"title\": \"Screenshot\",\n        \"value\": \"\\\\GCSS-Test-Folder\\\\South_KP_Reports.js\\\\Khyber Pakhtunkhwa\\\\LAKKIMRWT\\\\SERAI NAURANG\\\\THAKHTIKHEL.png\"\n      }\n    ]\n  ]\n}",
              "code": "// const newData = await cy.readFile(\"D:/polio vaccination center/Data.csv\");\n// const jdata = csvToJson(newData);\ncy.visit(`https://gcss.eoc.gov.pk/campaigns?province=${province_id}&district=${district_id}&tehsil=${tehsil_id}&uc=${uc_id}&renderMap=1`);\ncy.wait(10000);\ncy.screenshot(`${province_name}/${district_name}/${tehsil_name}/${uc_name}`, {\n  capture: \"fullPage\"\n});\ncy.wait(2000);",
              "err": {},
              "uuid": "432113f4-96c3-4fdc-8a88-803f808112fb",
              "parentUUID": "3a8e56dd-d27b-4f40-9280-bdb2d25c5607",
              "isHook": false,
              "skipped": false
            },
            {
              "title": "Testing for Khyber Pakhtunkhwa->LAKKIMRWT->SERAI NAURANG->BAKHMAL AHMAD ZAI :",
              "fullTitle": "South KP Automation Testing for Khyber Pakhtunkhwa->LAKKIMRWT->SERAI NAURANG->BAKHMAL AHMAD ZAI :",
              "timedOut": null,
              "duration": 20175,
              "state": "passed",
              "speed": "slow",
              "pass": true,
              "fail": false,
              "pending": false,
              "context": "{\n  \"title\": \"cypress-mochawesome-reporter-screenshots\",\n  \"value\": [\n    [\n      {\n        \"title\": \"Screenshot\",\n        \"value\": \"\\\\GCSS-Test-Folder\\\\South_KP_Reports.js\\\\Khyber Pakhtunkhwa\\\\LAKKIMRWT\\\\SERAI NAURANG\\\\BAKHMAL AHMAD ZAI.png\"\n      }\n    ]\n  ]\n}",
              "code": "// const newData = await cy.readFile(\"D:/polio vaccination center/Data.csv\");\n// const jdata = csvToJson(newData);\ncy.visit(`https://gcss.eoc.gov.pk/campaigns?province=${province_id}&district=${district_id}&tehsil=${tehsil_id}&uc=${uc_id}&renderMap=1`);\ncy.wait(10000);\ncy.screenshot(`${province_name}/${district_name}/${tehsil_name}/${uc_name}`, {\n  capture: \"fullPage\"\n});\ncy.wait(2000);",
              "err": {},
              "uuid": "6224d112-3c34-4855-9023-0117b72d796f",
              "parentUUID": "3a8e56dd-d27b-4f40-9280-bdb2d25c5607",
              "isHook": false,
              "skipped": false
            },
            {
              "title": "Testing for Khyber Pakhtunkhwa->LAKKIMRWT->SERAI NAURANG->MARMANDI AZIM :",
              "fullTitle": "South KP Automation Testing for Khyber Pakhtunkhwa->LAKKIMRWT->SERAI NAURANG->MARMANDI AZIM :",
              "timedOut": null,
              "duration": 20648,
              "state": "passed",
              "speed": "slow",
              "pass": true,
              "fail": false,
              "pending": false,
              "context": "{\n  \"title\": \"cypress-mochawesome-reporter-screenshots\",\n  \"value\": [\n    [\n      {\n        \"title\": \"Screenshot\",\n        \"value\": \"\\\\GCSS-Test-Folder\\\\South_KP_Reports.js\\\\Khyber Pakhtunkhwa\\\\LAKKIMRWT\\\\SERAI NAURANG\\\\MARMANDI AZIM.png\"\n      }\n    ]\n  ]\n}",
              "code": "// const newData = await cy.readFile(\"D:/polio vaccination center/Data.csv\");\n// const jdata = csvToJson(newData);\ncy.visit(`https://gcss.eoc.gov.pk/campaigns?province=${province_id}&district=${district_id}&tehsil=${tehsil_id}&uc=${uc_id}&renderMap=1`);\ncy.wait(10000);\ncy.screenshot(`${province_name}/${district_name}/${tehsil_name}/${uc_name}`, {\n  capture: \"fullPage\"\n});\ncy.wait(2000);",
              "err": {},
              "uuid": "a4aab30c-7ca2-45c5-8743-95b6d1675850",
              "parentUUID": "3a8e56dd-d27b-4f40-9280-bdb2d25c5607",
              "isHook": false,
              "skipped": false
            },
            {
              "title": "Testing for Khyber Pakhtunkhwa->LAKKIMRWT->BETTANI->GANDI :",
              "fullTitle": "South KP Automation Testing for Khyber Pakhtunkhwa->LAKKIMRWT->BETTANI->GANDI :",
              "timedOut": null,
              "duration": 20384,
              "state": "passed",
              "speed": "slow",
              "pass": true,
              "fail": false,
              "pending": false,
              "context": "{\n  \"title\": \"cypress-mochawesome-reporter-screenshots\",\n  \"value\": [\n    [\n      {\n        \"title\": \"Screenshot\",\n        \"value\": \"\\\\GCSS-Test-Folder\\\\South_KP_Reports.js\\\\Khyber Pakhtunkhwa\\\\LAKKIMRWT\\\\BETTANI\\\\GANDI.png\"\n      }\n    ]\n  ]\n}",
              "code": "// const newData = await cy.readFile(\"D:/polio vaccination center/Data.csv\");\n// const jdata = csvToJson(newData);\ncy.visit(`https://gcss.eoc.gov.pk/campaigns?province=${province_id}&district=${district_id}&tehsil=${tehsil_id}&uc=${uc_id}&renderMap=1`);\ncy.wait(10000);\ncy.screenshot(`${province_name}/${district_name}/${tehsil_name}/${uc_name}`, {\n  capture: \"fullPage\"\n});\ncy.wait(2000);",
              "err": {},
              "uuid": "d6b1a1f7-71ab-4be1-8457-a5c3d1a381a9",
              "parentUUID": "3a8e56dd-d27b-4f40-9280-bdb2d25c5607",
              "isHook": false,
              "skipped": false
            },
            {
              "title": "Testing for Khyber Pakhtunkhwa->TANK->TANK->DABARA :",
              "fullTitle": "South KP Automation Testing for Khyber Pakhtunkhwa->TANK->TANK->DABARA :",
              "timedOut": null,
              "duration": 20052,
              "state": "passed",
              "speed": "slow",
              "pass": true,
              "fail": false,
              "pending": false,
              "context": "{\n  \"title\": \"cypress-mochawesome-reporter-screenshots\",\n  \"value\": [\n    [\n      {\n        \"title\": \"Screenshot\",\n        \"value\": \"\\\\GCSS-Test-Folder\\\\South_KP_Reports.js\\\\Khyber Pakhtunkhwa\\\\TANK\\\\TANK\\\\DABARA.png\"\n      }\n    ]\n  ]\n}",
              "code": "// const newData = await cy.readFile(\"D:/polio vaccination center/Data.csv\");\n// const jdata = csvToJson(newData);\ncy.visit(`https://gcss.eoc.gov.pk/campaigns?province=${province_id}&district=${district_id}&tehsil=${tehsil_id}&uc=${uc_id}&renderMap=1`);\ncy.wait(10000);\ncy.screenshot(`${province_name}/${district_name}/${tehsil_name}/${uc_name}`, {\n  capture: \"fullPage\"\n});\ncy.wait(2000);",
              "err": {},
              "uuid": "313af783-4459-40a3-8323-43199fee3879",
              "parentUUID": "3a8e56dd-d27b-4f40-9280-bdb2d25c5607",
              "isHook": false,
              "skipped": false
            },
            {
              "title": "Testing for Khyber Pakhtunkhwa->TANK->TANK->GARA BALOCH :",
              "fullTitle": "South KP Automation Testing for Khyber Pakhtunkhwa->TANK->TANK->GARA BALOCH :",
              "timedOut": null,
              "duration": 20121,
              "state": "passed",
              "speed": "slow",
              "pass": true,
              "fail": false,
              "pending": false,
              "context": "{\n  \"title\": \"cypress-mochawesome-reporter-screenshots\",\n  \"value\": [\n    [\n      {\n        \"title\": \"Screenshot\",\n        \"value\": \"\\\\GCSS-Test-Folder\\\\South_KP_Reports.js\\\\Khyber Pakhtunkhwa\\\\TANK\\\\TANK\\\\GARA BALOCH.png\"\n      }\n    ]\n  ]\n}",
              "code": "// const newData = await cy.readFile(\"D:/polio vaccination center/Data.csv\");\n// const jdata = csvToJson(newData);\ncy.visit(`https://gcss.eoc.gov.pk/campaigns?province=${province_id}&district=${district_id}&tehsil=${tehsil_id}&uc=${uc_id}&renderMap=1`);\ncy.wait(10000);\ncy.screenshot(`${province_name}/${district_name}/${tehsil_name}/${uc_name}`, {\n  capture: \"fullPage\"\n});\ncy.wait(2000);",
              "err": {},
              "uuid": "22f6e233-98f7-4d15-85f9-7f109564e95d",
              "parentUUID": "3a8e56dd-d27b-4f40-9280-bdb2d25c5607",
              "isHook": false,
              "skipped": false
            },
            {
              "title": "Testing for Khyber Pakhtunkhwa->TANK->TANK->GOMAL BAZZAR :",
              "fullTitle": "South KP Automation Testing for Khyber Pakhtunkhwa->TANK->TANK->GOMAL BAZZAR :",
              "timedOut": null,
              "duration": 26550,
              "state": "passed",
              "speed": "slow",
              "pass": true,
              "fail": false,
              "pending": false,
              "context": "{\n  \"title\": \"cypress-mochawesome-reporter-screenshots\",\n  \"value\": [\n    [\n      {\n        \"title\": \"Screenshot\",\n        \"value\": \"\\\\GCSS-Test-Folder\\\\South_KP_Reports.js\\\\Khyber Pakhtunkhwa\\\\TANK\\\\TANK\\\\GOMAL BAZZAR.png\"\n      }\n    ]\n  ]\n}",
              "code": "// const newData = await cy.readFile(\"D:/polio vaccination center/Data.csv\");\n// const jdata = csvToJson(newData);\ncy.visit(`https://gcss.eoc.gov.pk/campaigns?province=${province_id}&district=${district_id}&tehsil=${tehsil_id}&uc=${uc_id}&renderMap=1`);\ncy.wait(10000);\ncy.screenshot(`${province_name}/${district_name}/${tehsil_name}/${uc_name}`, {\n  capture: \"fullPage\"\n});\ncy.wait(2000);",
              "err": {},
              "uuid": "832b28df-3d9a-4429-897a-e0175e4c815a",
              "parentUUID": "3a8e56dd-d27b-4f40-9280-bdb2d25c5607",
              "isHook": false,
              "skipped": false
            },
            {
              "title": "Testing for Khyber Pakhtunkhwa->TANK->TANK->JATTATER :",
              "fullTitle": "South KP Automation Testing for Khyber Pakhtunkhwa->TANK->TANK->JATTATER :",
              "timedOut": null,
              "duration": 19919,
              "state": "passed",
              "speed": "slow",
              "pass": true,
              "fail": false,
              "pending": false,
              "context": "{\n  \"title\": \"cypress-mochawesome-reporter-screenshots\",\n  \"value\": [\n    [\n      {\n        \"title\": \"Screenshot\",\n        \"value\": \"\\\\GCSS-Test-Folder\\\\South_KP_Reports.js\\\\Khyber Pakhtunkhwa\\\\TANK\\\\TANK\\\\JATTATER.png\"\n      }\n    ]\n  ]\n}",
              "code": "// const newData = await cy.readFile(\"D:/polio vaccination center/Data.csv\");\n// const jdata = csvToJson(newData);\ncy.visit(`https://gcss.eoc.gov.pk/campaigns?province=${province_id}&district=${district_id}&tehsil=${tehsil_id}&uc=${uc_id}&renderMap=1`);\ncy.wait(10000);\ncy.screenshot(`${province_name}/${district_name}/${tehsil_name}/${uc_name}`, {\n  capture: \"fullPage\"\n});\ncy.wait(2000);",
              "err": {},
              "uuid": "e3a11067-7fe4-407e-a911-3470d75ab123",
              "parentUUID": "3a8e56dd-d27b-4f40-9280-bdb2d25c5607",
              "isHook": false,
              "skipped": false
            },
            {
              "title": "Testing for Khyber Pakhtunkhwa->TANK->TANK->RANWAL :",
              "fullTitle": "South KP Automation Testing for Khyber Pakhtunkhwa->TANK->TANK->RANWAL :",
              "timedOut": null,
              "duration": 19939,
              "state": "passed",
              "speed": "slow",
              "pass": true,
              "fail": false,
              "pending": false,
              "context": "{\n  \"title\": \"cypress-mochawesome-reporter-screenshots\",\n  \"value\": [\n    [\n      {\n        \"title\": \"Screenshot\",\n        \"value\": \"\\\\GCSS-Test-Folder\\\\South_KP_Reports.js\\\\Khyber Pakhtunkhwa\\\\TANK\\\\TANK\\\\RANWAL.png\"\n      }\n    ]\n  ]\n}",
              "code": "// const newData = await cy.readFile(\"D:/polio vaccination center/Data.csv\");\n// const jdata = csvToJson(newData);\ncy.visit(`https://gcss.eoc.gov.pk/campaigns?province=${province_id}&district=${district_id}&tehsil=${tehsil_id}&uc=${uc_id}&renderMap=1`);\ncy.wait(10000);\ncy.screenshot(`${province_name}/${district_name}/${tehsil_name}/${uc_name}`, {\n  capture: \"fullPage\"\n});\ncy.wait(2000);",
              "err": {},
              "uuid": "1d2c6428-9ae8-4830-be4f-d84622e2e48e",
              "parentUUID": "3a8e56dd-d27b-4f40-9280-bdb2d25c5607",
              "isHook": false,
              "skipped": false
            },
            {
              "title": "Testing for Khyber Pakhtunkhwa->TANK->TANK->SHAH AALAM :",
              "fullTitle": "South KP Automation Testing for Khyber Pakhtunkhwa->TANK->TANK->SHAH AALAM :",
              "timedOut": null,
              "duration": 20033,
              "state": "passed",
              "speed": "slow",
              "pass": true,
              "fail": false,
              "pending": false,
              "context": "{\n  \"title\": \"cypress-mochawesome-reporter-screenshots\",\n  \"value\": [\n    [\n      {\n        \"title\": \"Screenshot\",\n        \"value\": \"\\\\GCSS-Test-Folder\\\\South_KP_Reports.js\\\\Khyber Pakhtunkhwa\\\\TANK\\\\TANK\\\\SHAH AALAM.png\"\n      }\n    ]\n  ]\n}",
              "code": "// const newData = await cy.readFile(\"D:/polio vaccination center/Data.csv\");\n// const jdata = csvToJson(newData);\ncy.visit(`https://gcss.eoc.gov.pk/campaigns?province=${province_id}&district=${district_id}&tehsil=${tehsil_id}&uc=${uc_id}&renderMap=1`);\ncy.wait(10000);\ncy.screenshot(`${province_name}/${district_name}/${tehsil_name}/${uc_name}`, {\n  capture: \"fullPage\"\n});\ncy.wait(2000);",
              "err": {},
              "uuid": "045f3a46-e823-4925-b4b9-4a807f8bd791",
              "parentUUID": "3a8e56dd-d27b-4f40-9280-bdb2d25c5607",
              "isHook": false,
              "skipped": false
            },
            {
              "title": "Testing for Khyber Pakhtunkhwa->TANK->TANK->SHEIKH UTTAR :",
              "fullTitle": "South KP Automation Testing for Khyber Pakhtunkhwa->TANK->TANK->SHEIKH UTTAR :",
              "timedOut": null,
              "duration": 19992,
              "state": "passed",
              "speed": "slow",
              "pass": true,
              "fail": false,
              "pending": false,
              "context": "{\n  \"title\": \"cypress-mochawesome-reporter-screenshots\",\n  \"value\": [\n    [\n      {\n        \"title\": \"Screenshot\",\n        \"value\": \"\\\\GCSS-Test-Folder\\\\South_KP_Reports.js\\\\Khyber Pakhtunkhwa\\\\TANK\\\\TANK\\\\SHEIKH UTTAR.png\"\n      }\n    ]\n  ]\n}",
              "code": "// const newData = await cy.readFile(\"D:/polio vaccination center/Data.csv\");\n// const jdata = csvToJson(newData);\ncy.visit(`https://gcss.eoc.gov.pk/campaigns?province=${province_id}&district=${district_id}&tehsil=${tehsil_id}&uc=${uc_id}&renderMap=1`);\ncy.wait(10000);\ncy.screenshot(`${province_name}/${district_name}/${tehsil_name}/${uc_name}`, {\n  capture: \"fullPage\"\n});\ncy.wait(2000);",
              "err": {},
              "uuid": "da44433c-2417-4190-998c-a8d9517ed506",
              "parentUUID": "3a8e56dd-d27b-4f40-9280-bdb2d25c5607",
              "isHook": false,
              "skipped": false
            },
            {
              "title": "Testing for Khyber Pakhtunkhwa->TANK->TANK->TANK CITY :",
              "fullTitle": "South KP Automation Testing for Khyber Pakhtunkhwa->TANK->TANK->TANK CITY :",
              "timedOut": null,
              "duration": 20089,
              "state": "passed",
              "speed": "slow",
              "pass": true,
              "fail": false,
              "pending": false,
              "context": "{\n  \"title\": \"cypress-mochawesome-reporter-screenshots\",\n  \"value\": [\n    [\n      {\n        \"title\": \"Screenshot\",\n        \"value\": \"\\\\GCSS-Test-Folder\\\\South_KP_Reports.js\\\\Khyber Pakhtunkhwa\\\\TANK\\\\TANK\\\\TANK CITY.png\"\n      }\n    ]\n  ]\n}",
              "code": "// const newData = await cy.readFile(\"D:/polio vaccination center/Data.csv\");\n// const jdata = csvToJson(newData);\ncy.visit(`https://gcss.eoc.gov.pk/campaigns?province=${province_id}&district=${district_id}&tehsil=${tehsil_id}&uc=${uc_id}&renderMap=1`);\ncy.wait(10000);\ncy.screenshot(`${province_name}/${district_name}/${tehsil_name}/${uc_name}`, {\n  capture: \"fullPage\"\n});\ncy.wait(2000);",
              "err": {},
              "uuid": "6bf168c9-bccf-41a6-8ea0-9d852ff578de",
              "parentUUID": "3a8e56dd-d27b-4f40-9280-bdb2d25c5607",
              "isHook": false,
              "skipped": false
            },
            {
              "title": "Testing for Khyber Pakhtunkhwa->TANK->TANK->TANK CITY 2 :",
              "fullTitle": "South KP Automation Testing for Khyber Pakhtunkhwa->TANK->TANK->TANK CITY 2 :",
              "timedOut": null,
              "duration": 20525,
              "state": "passed",
              "speed": "slow",
              "pass": true,
              "fail": false,
              "pending": false,
              "context": "{\n  \"title\": \"cypress-mochawesome-reporter-screenshots\",\n  \"value\": [\n    [\n      {\n        \"title\": \"Screenshot\",\n        \"value\": \"\\\\GCSS-Test-Folder\\\\South_KP_Reports.js\\\\Khyber Pakhtunkhwa\\\\TANK\\\\TANK\\\\TANK CITY 2.png\"\n      }\n    ]\n  ]\n}",
              "code": "// const newData = await cy.readFile(\"D:/polio vaccination center/Data.csv\");\n// const jdata = csvToJson(newData);\ncy.visit(`https://gcss.eoc.gov.pk/campaigns?province=${province_id}&district=${district_id}&tehsil=${tehsil_id}&uc=${uc_id}&renderMap=1`);\ncy.wait(10000);\ncy.screenshot(`${province_name}/${district_name}/${tehsil_name}/${uc_name}`, {\n  capture: \"fullPage\"\n});\ncy.wait(2000);",
              "err": {},
              "uuid": "e41cbef7-a03d-40c6-8637-664e7bd56795",
              "parentUUID": "3a8e56dd-d27b-4f40-9280-bdb2d25c5607",
              "isHook": false,
              "skipped": false
            },
            {
              "title": "Testing for Khyber Pakhtunkhwa->TANK->TANK->TATTA :",
              "fullTitle": "South KP Automation Testing for Khyber Pakhtunkhwa->TANK->TANK->TATTA :",
              "timedOut": null,
              "duration": 19989,
              "state": "passed",
              "speed": "slow",
              "pass": true,
              "fail": false,
              "pending": false,
              "context": "{\n  \"title\": \"cypress-mochawesome-reporter-screenshots\",\n  \"value\": [\n    [\n      {\n        \"title\": \"Screenshot\",\n        \"value\": \"\\\\GCSS-Test-Folder\\\\South_KP_Reports.js\\\\Khyber Pakhtunkhwa\\\\TANK\\\\TANK\\\\TATTA.png\"\n      }\n    ]\n  ]\n}",
              "code": "// const newData = await cy.readFile(\"D:/polio vaccination center/Data.csv\");\n// const jdata = csvToJson(newData);\ncy.visit(`https://gcss.eoc.gov.pk/campaigns?province=${province_id}&district=${district_id}&tehsil=${tehsil_id}&uc=${uc_id}&renderMap=1`);\ncy.wait(10000);\ncy.screenshot(`${province_name}/${district_name}/${tehsil_name}/${uc_name}`, {\n  capture: \"fullPage\"\n});\ncy.wait(2000);",
              "err": {},
              "uuid": "0ef83b74-bc86-4c86-94b6-8b465f991da7",
              "parentUUID": "3a8e56dd-d27b-4f40-9280-bdb2d25c5607",
              "isHook": false,
              "skipped": false
            }
          ],
          "suites": [],
          "passes": [
            "dcc6a30b-a393-4fd9-a8ef-25b3868f7023",
            "a01ce07a-15c5-420f-b28b-97ea677cc37b",
            "69e90f1c-62d4-4f13-90c7-c1a5d998ef6f",
            "6bb27805-b864-427f-9331-eab3dfa0e59c",
            "afb2cd42-abf5-4644-a511-083d6c878768",
            "f1e9f5fc-bb26-426e-b2a9-ea84a72763ce",
            "3242725c-d9c1-440c-a717-609a0f336db0",
            "e5c09fe9-1004-4bb8-a4ab-8da3a24d0c56",
            "77eb50b2-6920-4713-acc0-c18f904d1da0",
            "a72396df-c5ee-40ca-b109-ed4f8aed18e8",
            "f8510715-b7fb-4059-90f6-5c7957ae96e2",
            "ee08539b-1f3b-4d5e-870c-cea6f9c93b77",
            "e614acc5-9721-4b86-ae7f-85b0d274a82d",
            "90099c4a-fa5a-4a86-b214-1b8a2ef4d00d",
            "708b6cc4-22f8-4d47-b48c-814bf3f90f2d",
            "15586fec-8d3c-4d10-81e0-fe254adc93fd",
            "77133f86-265c-409e-9d09-194682f5428a",
            "8c2524fa-458b-4083-9028-b27ed9f5386e",
            "95aa89a9-5c6f-4b53-8f6e-8931113bb7c1",
            "2a40fd55-21d6-46f8-b40f-729eb85f0d38",
            "c9753e28-458f-4534-be0a-77005c83f053",
            "bbc7a21c-6756-43e5-96e5-14e4ff82aa38",
            "7a627d52-1c53-4f71-b148-f24023328243",
            "5791eafd-3a84-4db7-8229-17489c375875",
            "ae16d1a3-82f2-4ef0-afbf-23b4aad6c715",
            "57f5b8ef-269f-445a-8fd3-26042e6f9fa6",
            "432113f4-96c3-4fdc-8a88-803f808112fb",
            "6224d112-3c34-4855-9023-0117b72d796f",
            "a4aab30c-7ca2-45c5-8743-95b6d1675850",
            "d6b1a1f7-71ab-4be1-8457-a5c3d1a381a9",
            "313af783-4459-40a3-8323-43199fee3879",
            "22f6e233-98f7-4d15-85f9-7f109564e95d",
            "832b28df-3d9a-4429-897a-e0175e4c815a",
            "e3a11067-7fe4-407e-a911-3470d75ab123",
            "1d2c6428-9ae8-4830-be4f-d84622e2e48e",
            "045f3a46-e823-4925-b4b9-4a807f8bd791",
            "da44433c-2417-4190-998c-a8d9517ed506",
            "6bf168c9-bccf-41a6-8ea0-9d852ff578de",
            "e41cbef7-a03d-40c6-8637-664e7bd56795",
            "0ef83b74-bc86-4c86-94b6-8b465f991da7"
          ],
          "failures": [],
          "pending": [],
          "skipped": [],
          "duration": 822737,
          "root": false,
          "rootEmpty": false,
          "_timeout": 2000
        }
      ],
      "passes": [],
      "failures": [],
      "pending": [],
      "skipped": [],
      "duration": 0,
      "root": true,
      "rootEmpty": true,
      "_timeout": 2000
    }
  ],
  "meta": {
    "mocha": {
      "version": "7.0.1"
    },
    "mochawesome": {
      "options": {
        "quiet": false,
        "reportFilename": "mochawesome",
        "saveHtml": false,
        "saveJson": true,
        "consoleReporter": "spec",
        "useInlineDiffs": false,
        "code": true
      },
      "version": "7.0.1"
    },
    "marge": {
      "options": {
        "overwrite": false,
        "html": false,
        "json": true
      },
      "version": "6.0.1"
    }
  }
}