{
  "stats": {
    "suites": 1,
    "tests": 1,
    "passes": 0,
    "pending": 0,
    "failures": 1,
    "start": "2022-03-01T07:41:54.062Z",
    "end": "2022-03-01T07:42:35.017Z",
    "duration": 40955,
    "testsRegistered": 1,
    "passPercent": 0,
    "pendingPercent": 0,
    "other": 0,
    "hasOther": false,
    "skipped": 0,
    "hasSkipped": false
  },
  "results": [
    {
      "uuid": "838636c9-87e7-4d54-9104-2c65018c923c",
      "title": "",
      "fullFile": "cypress/integration/GCSS-Test-Folder/query-parameters.js",
      "file": "cypress/integration/GCSS-Test-Folder/query-parameters.js",
      "beforeHooks": [],
      "afterHooks": [],
      "tests": [],
      "suites": [
        {
          "uuid": "d2a0f6bd-dcdc-4f39-bb75-bb34fe9d2c97",
          "title": "GCSS Dashboard with Query Parameters",
          "fullFile": "",
          "file": "",
          "beforeHooks": [],
          "afterHooks": [],
          "tests": [
            {
              "title": "checking",
              "fullTitle": "GCSS Dashboard with Query Parameters checking",
              "timedOut": null,
              "duration": 39365,
              "state": "failed",
              "speed": null,
              "pass": false,
              "fail": true,
              "pending": false,
              "context": null,
              "code": "cy.visit(\"https://gcss.eoc.gov.pk/campaigns?province=3&district=8&tehsil=1&uc=51&renderMap=1\");\ncy.contains(\"View on Map\").click();\ncy.wait(8000); //cy.get('[id=\"rc_select_1\"]').click();",
              "err": {
                "message": "CypressError: `cy.screenshot()` timed out waiting `30000ms` to complete.",
                "estack": "CypressError: `cy.screenshot()` timed out waiting `30000ms` to complete.\n    at https://gcss.eoc.gov.pk/__cypress/runner/cypress_runner.js:160713:81\n    at tryCatcher (https://gcss.eoc.gov.pk/__cypress/runner/cypress_runner.js:13196:23)\n    at https://gcss.eoc.gov.pk/__cypress/runner/cypress_runner.js:8318:41\n    at tryCatcher (https://gcss.eoc.gov.pk/__cypress/runner/cypress_runner.js:13196:23)\n    at Promise._settlePromiseFromHandler (https://gcss.eoc.gov.pk/__cypress/runner/cypress_runner.js:11131:31)\n    at Promise._settlePromise (https://gcss.eoc.gov.pk/__cypress/runner/cypress_runner.js:11188:18)\n    at Promise._settlePromise0 (https://gcss.eoc.gov.pk/__cypress/runner/cypress_runner.js:11233:10)\n    at Promise._settlePromises (https://gcss.eoc.gov.pk/__cypress/runner/cypress_runner.js:11309:18)\n    at _drainQueueStep (https://gcss.eoc.gov.pk/__cypress/runner/cypress_runner.js:7903:12)\n    at _drainQueue (https://gcss.eoc.gov.pk/__cypress/runner/cypress_runner.js:7896:9)\n    at Async.../../node_modules/bluebird/js/release/async.js.Async._drainQueues (https://gcss.eoc.gov.pk/__cypress/runner/cypress_runner.js:7912:5)\n    at Async.drainQueues (https://gcss.eoc.gov.pk/__cypress/runner/cypress_runner.js:7782:14)",
                "diff": null
              },
              "uuid": "5d3e7685-0ee1-48bc-864e-11ff6c42f590",
              "parentUUID": "d2a0f6bd-dcdc-4f39-bb75-bb34fe9d2c97",
              "isHook": false,
              "skipped": false
            }
          ],
          "suites": [],
          "passes": [],
          "failures": [
            "5d3e7685-0ee1-48bc-864e-11ff6c42f590"
          ],
          "pending": [],
          "skipped": [],
          "duration": 39365,
          "root": false,
          "rootEmpty": false,
          "_timeout": 2000
        }
      ],
      "passes": [],
      "failures": [],
      "pending": [],
      "skipped": [],
      "duration": 0,
      "root": true,
      "rootEmpty": true,
      "_timeout": 2000
    }
  ],
  "meta": {
    "mocha": {
      "version": "7.0.1"
    },
    "mochawesome": {
      "options": {
        "quiet": false,
        "reportFilename": "mochawesome",
        "saveHtml": false,
        "saveJson": true,
        "consoleReporter": "spec",
        "useInlineDiffs": false,
        "code": true
      },
      "version": "7.0.1"
    },
    "marge": {
      "options": {
        "overwrite": false,
        "html": false,
        "json": true
      },
      "version": "6.0.1"
    }
  }
}