{
  "stats": {
    "suites": 1,
    "tests": 3,
    "passes": 3,
    "pending": 0,
    "failures": 0,
    "start": "2022-02-16T12:57:18.702Z",
    "end": "2022-02-16T12:57:18.809Z",
    "duration": 107,
    "testsRegistered": 3,
    "passPercent": 100,
    "pendingPercent": 0,
    "other": 0,
    "hasOther": false,
    "skipped": 0,
    "hasSkipped": false
  },
  "results": [
    {
      "uuid": "daa6948f-57e6-406a-a277-883eeb99684a",
      "title": "",
      "fullFile": "cypress/integration/test2.js",
      "file": "cypress/integration/test2.js",
      "beforeHooks": [],
      "afterHooks": [],
      "tests": [],
      "suites": [
        {
          "uuid": "6fbec6f1-d326-48c0-b6d7-cd0f069e7fd4",
          "title": "testing_reports",
          "fullFile": "",
          "file": "",
          "beforeHooks": [],
          "afterHooks": [],
          "tests": [
            {
              "title": "test-1",
              "fullTitle": "testing_reports test-1",
              "timedOut": null,
              "duration": 45,
              "state": "passed",
              "speed": "fast",
              "pass": true,
              "fail": false,
              "pending": false,
              "context": null,
              "code": "console.log(\"testing-1\");",
              "err": {},
              "uuid": "4dd2b11b-98fd-41e9-b9e9-07ed87825cfa",
              "parentUUID": "6fbec6f1-d326-48c0-b6d7-cd0f069e7fd4",
              "isHook": false,
              "skipped": false
            },
            {
              "title": "test-2",
              "fullTitle": "testing_reports test-2",
              "timedOut": null,
              "duration": 14,
              "state": "passed",
              "speed": "fast",
              "pass": true,
              "fail": false,
              "pending": false,
              "context": null,
              "code": "console.log(\"testing-2\");",
              "err": {},
              "uuid": "8e4328f1-2808-4e9d-aec2-c76965613d5e",
              "parentUUID": "6fbec6f1-d326-48c0-b6d7-cd0f069e7fd4",
              "isHook": false,
              "skipped": false
            },
            {
              "title": "test-2",
              "fullTitle": "testing_reports test-2",
              "timedOut": null,
              "duration": 13,
              "state": "passed",
              "speed": "fast",
              "pass": true,
              "fail": false,
              "pending": false,
              "context": null,
              "code": "console.log(\"testing-3\");",
              "err": {},
              "uuid": "6905a0f2-2f5b-4dae-8fe6-05d6a54b10fc",
              "parentUUID": "6fbec6f1-d326-48c0-b6d7-cd0f069e7fd4",
              "isHook": false,
              "skipped": false
            }
          ],
          "suites": [],
          "passes": [
            "4dd2b11b-98fd-41e9-b9e9-07ed87825cfa",
            "8e4328f1-2808-4e9d-aec2-c76965613d5e",
            "6905a0f2-2f5b-4dae-8fe6-05d6a54b10fc"
          ],
          "failures": [],
          "pending": [],
          "skipped": [],
          "duration": 72,
          "root": false,
          "rootEmpty": false,
          "_timeout": 2000
        }
      ],
      "passes": [],
      "failures": [],
      "pending": [],
      "skipped": [],
      "duration": 0,
      "root": true,
      "rootEmpty": true,
      "_timeout": 2000
    }
  ],
  "meta": {
    "mocha": {
      "version": "7.0.1"
    },
    "mochawesome": {
      "options": {
        "quiet": false,
        "reportFilename": "mochawesome",
        "saveHtml": false,
        "saveJson": true,
        "consoleReporter": "spec",
        "useInlineDiffs": false,
        "code": true
      },
      "version": "7.0.1"
    },
    "marge": {
      "options": {
        "overwrite": false,
        "html": false,
        "json": true
      },
      "version": "6.0.1"
    }
  }
}